<?xml version="1.0" encoding="UTF-8"?>
<testng-results skipped="0" failed="0" ignored="0" total="1" passed="1">
  <reporter-output>
  </reporter-output>
  <suite name="Default suite" duration-ms="31295" started-at="2019-12-06T02:00:45Z" finished-at="2019-12-06T02:01:17Z">
    <groups>
    </groups>
    <test name="Default test" duration-ms="31295" started-at="2019-12-06T02:00:45Z" finished-at="2019-12-06T02:01:17Z">
      <class name="com.training.sanity.tests.LoginTests_ELTC_053">
        <test-method status="PASS" signature="setUpBeforeClass()[pri:0, instance:com.training.sanity.tests.LoginTests_ELTC_053@5c7fa833]" name="setUpBeforeClass" is-config="true" duration-ms="9" started-at="2019-12-06T07:30:45Z" finished-at="2019-12-06T07:30:45Z">
          <reporter-output>
          </reporter-output>
        </test-method> <!-- setUpBeforeClass -->
        <test-method status="PASS" signature="setUp()[pri:0, instance:com.training.sanity.tests.LoginTests_ELTC_053@5c7fa833]" name="setUp" is-config="true" duration-ms="21374" started-at="2019-12-06T07:30:45Z" finished-at="2019-12-06T07:31:07Z">
          <reporter-output>
          </reporter-output>
        </test-method> <!-- setUp -->
        <test-method status="PASS" signature="validLoginTests()[pri:0, instance:com.training.sanity.tests.LoginTests_ELTC_053@5c7fa833]" name="validLoginTests" duration-ms="9902" started-at="2019-12-06T07:31:07Z" finished-at="2019-12-06T07:31:17Z">
          <reporter-output>
          </reporter-output>
        </test-method> <!-- validLoginTests -->
      </class> <!-- com.training.sanity.tests.LoginTests_ELTC_053 -->
    </test> <!-- Default test -->
  </suite> <!-- Default suite -->
</testng-results>
