<?xml version="1.0" encoding="UTF-8"?>
<testng-results skipped="0" failed="0" ignored="0" total="1" passed="1">
  <reporter-output>
  </reporter-output>
  <suite name="Default suite" duration-ms="18723" started-at="2019-12-03T17:58:07Z" finished-at="2019-12-03T17:58:26Z">
    <groups>
    </groups>
    <test name="Default test" duration-ms="18723" started-at="2019-12-03T17:58:07Z" finished-at="2019-12-03T17:58:26Z">
      <class name="com.training.sanity.tests.LoginTests_ELTC_005">
        <test-method status="PASS" signature="setUpBeforeClass()[pri:0, instance:com.training.sanity.tests.LoginTests_ELTC_005@39aeed2f]" name="setUpBeforeClass" is-config="true" duration-ms="16" started-at="2019-12-03T23:28:07Z" finished-at="2019-12-03T23:28:07Z">
          <reporter-output>
          </reporter-output>
        </test-method> <!-- setUpBeforeClass -->
        <test-method status="PASS" signature="setUp()[pri:0, instance:com.training.sanity.tests.LoginTests_ELTC_005@39aeed2f]" name="setUp" is-config="true" duration-ms="13847" started-at="2019-12-03T23:28:07Z" finished-at="2019-12-03T23:28:21Z">
          <reporter-output>
          </reporter-output>
        </test-method> <!-- setUp -->
        <test-method status="PASS" signature="validLoginTest()[pri:0, instance:com.training.sanity.tests.LoginTests_ELTC_005@39aeed2f]" name="validLoginTest" duration-ms="3834" started-at="2019-12-03T23:28:21Z" finished-at="2019-12-03T23:28:25Z">
          <reporter-output>
          </reporter-output>
        </test-method> <!-- validLoginTest -->
        <test-method status="PASS" signature="tearDown()[pri:0, instance:com.training.sanity.tests.LoginTests_ELTC_005@39aeed2f]" name="tearDown" is-config="true" duration-ms="1007" started-at="2019-12-03T23:28:25Z" finished-at="2019-12-03T23:28:26Z">
          <reporter-output>
          </reporter-output>
        </test-method> <!-- tearDown -->
      </class> <!-- com.training.sanity.tests.LoginTests_ELTC_005 -->
    </test> <!-- Default test -->
  </suite> <!-- Default suite -->
</testng-results>
